


materialPath: d:\steam\steamapps\private_shon2\counter-strike source\cstrike\materials
Loading C:\Documents and Settings\Pr3cis1on\Desktop\de_fshs\Rev16\de_fshsr16final.vmf
Error: displacement found on a(n) func_brush entity - not supported



1 threads
reading c:\documents and settings\pr3cis1on\desktop\de_fshs\rev16\de_fshsr16final.bsp
Error opening c:\documents and settings\pr3cis1on\desktop\de_fshs\rev16\de_fshsr16final.bsp


[Reading texlights from 'lights.rad']
[1 texlights parsed from 'lights.rad']

Loading c:\documents and settings\pr3cis1on\desktop\de_fshs\rev16\de_fshsr16final.bsp
Error opening c:\documents and settings\pr3cis1on\desktop\de_fshs\rev16\de_fshsr16final.bsp


materialPath: d:\steam\steamapps\private_shon2\counter-strike source\cstrike\materials
Loading C:\Documents and Settings\Pr3cis1on\Desktop\de_fshs\Rev16\de_fshsr16final.vmf
Error: displacement found on a(n) nothing entity - not supported



1 threads
reading c:\documents and settings\pr3cis1on\desktop\de_fshs\rev16\de_fshsr16final.bsp
Error opening c:\documents and settings\pr3cis1on\desktop\de_fshs\rev16\de_fshsr16final.bsp


[Reading texlights from 'lights.rad']
[1 texlights parsed from 'lights.rad']

Loading c:\documents and settings\pr3cis1on\desktop\de_fshs\rev16\de_fshsr16final.bsp
Error opening c:\documents and settings\pr3cis1on\desktop\de_fshs\rev16\de_fshsr16final.bsp


materialPath: d:\steam\steamapps\private_shon2\counter-strike source\cstrike\materials
Loading C:\Documents and Settings\Pr3cis1on\Desktop\de_fshs\Rev16\de_fshsr16final.vmf
fixing up env_cubemap materials on brush sides...
0...1...2...3...4...5...6...7...8...9...10**** leaked ****
Entity func_door_rotating (-966.00 -780.85 -160.00) leaked!

FindPortalSide: Couldn't find a good match for which brush to assign to a portal near (3584.0, 2048.0, 152.0)
Leaf 0 contents: 
Leaf 1 contents: CONTENTS_SOLID 
viscontents (node 0 contents ^ node 1 contents): CONTENTS_SOLID 
This means that none of the brushes in leaf 0 or 1 that touches the portal has CONTENTS_SOLID 
Check for a huge brush enclosing the coordinates above that has contents CONTENTS_SOLID 
Candidate brush IDs: 


FindPortalSide: Couldn't find a good match for which brush to assign to a portal near (4096.0, 1536.0, 152.0)
Leaf 0 contents: 
Leaf 1 contents: CONTENTS_SOLID 
viscontents (node 0 contents ^ node 1 contents): CONTENTS_SOLID 
This means that none of the brushes in leaf 0 or 1 that touches the portal has CONTENTS_SOLID 
Check for a huge brush enclosing the coordinates above that has contents CONTENTS_SOLID 
Candidate brush IDs: 


FindPortalSide: Couldn't find a good match for which brush to assign to a portal near (4096.0, 512.0, 152.0)
Leaf 0 contents: 
Leaf 1 contents: CONTENTS_SOLID 
viscontents (node 0 contents ^ node 1 contents): CONTENTS_SOLID 
This means that none of the brushes in leaf 0 or 1 that touches the portal has CONTENTS_SOLID 
Check for a huge brush enclosing the coordinates above that has contents CONTENTS_SOLID 
Candidate brush IDs: 


FindPortalSide: Couldn't find a good match for which brush to assign to a portal near (3072.0, -512.0, 152.0)
Leaf 0 contents: CONTENTS_SOLID 
Leaf 1 contents: 
viscontents (node 0 contents ^ node 1 contents): CONTENTS_SOLID 
This means that none of the brushes in leaf 0 or 1 that touches the portal has CONTENTS_SOLID 
Check for a huge brush enclosing the coordinates above that has contents CONTENTS_SOLID 
Candidate brush IDs: 


FindPortalSide: Couldn't find a good match for which brush to assign to a portal near (4096.0, -512.0, 152.0)
Leaf 0 contents: 
Leaf 1 contents: CONTENTS_SOLID 
viscontents (node 0 contents ^ node 1 contents): CONTENTS_SOLID 
This means that none of the brushes in leaf 0 or 1 that touches the portal has CONTENTS_SOLID 
Check for a huge brush enclosing the coordinates above that has contents CONTENTS_SOLID 
Candidate brush IDs: 


FindPortalSide: Couldn't find a good match for which brush to assign to a portal near (2560.0, 2048.0, 152.0)
Leaf 0 contents: 
Leaf 1 contents: CONTENTS_SOLID 
viscontents (node 0 contents ^ node 1 contents): CONTENTS_SOLID 
This means that none of the brushes in leaf 0 or 1 that touches the portal has CONTENTS_SOLID 
Check for a huge brush enclosing the coordinates above that has contents CONTENTS_SOLID 
Candidate brush IDs: 


FindPortalSide: Couldn't find a good match for which brush to assign to a portal near (1176.0, 1024.0, -970.0)
Leaf 0 contents: CONTENTS_SOLID 
Leaf 1 contents: 
viscontents (node 0 contents ^ node 1 contents): CONTENTS_SOLID 
This means that none of the brushes in leaf 0 or 1 that touches the portal has CONTENTS_SOLID 
Check for a huge brush enclosing the coordinates above that has contents CONTENTS_SOLID 
Candidate brush IDs: 


FindPortalSide: Couldn't find a good match for which brush to assign to a portal near (1176.0, 1024.0, 8.0)
Leaf 0 contents: CONTENTS_SOLID 
Leaf 1 contents: 
viscontents (node 0 contents ^ node 1 contents): CONTENTS_SOLID 
This means that none of the brushes in leaf 0 or 1 that touches the portal has CONTENTS_SOLID 
Check for a huge brush enclosing the coordinates above that has contents CONTENTS_SOLID 
Candidate brush IDs: 

*** Suppressing further FindPortalSide errors.... ***
Processing areas...done (0)
Building Faces...done (0)
Chop Details...done (0)
Find Visible Detail Sides...
Merged 34 detail faces...done (0)
Merging details...done (0)
FixTjuncs...
PruneNodes...
WriteBSP...
done (1)
Creating default cubemaps for env_cubemap using skybox materials:
skybox/militia_hdr*.vmt
Run buildcubemaps in the engine to get the correct cube maps.

Creating default HDR cubemaps for env_cubemap using skybox materials:
skybox/militia_hdr*.vmt
Run buildcubemaps in the engine to get the correct cube maps.

Finding displacement neighbors...
Finding lightmap sample positions...
Displacement Alpha : 0...1...2...3...4...5...6...7...8...9...10
Building Physics collision data...
done (1) (517829 bytes)
Error! prop_static using model "models/props_wasteland/prison_toilet01.mdl", which must be used on a dynamic entity (i.e. prop_physics). Deleted.
Error loading studio model "models/props_wasteland/prison_toilet01.mdl"!
Placing detail props : 0...1...2...3...4...5...6...7...8...9...10
Compacting texture/material tables...
Reduced 1196 texinfos to 742
Reduced 26 texdatas to 25 (537 bytes to 515)
Writing C:\Documents and Settings\Pr3cis1on\Desktop\de_fshs\Rev16\de_fshsr16final.bsp
18 seconds elapsed



1 threads
reading c:\documents and settings\pr3cis1on\desktop\de_fshs\rev16\de_fshsr16final.bsp
reading c:\documents and settings\pr3cis1on\desktop\de_fshs\rev16\de_fshsr16final.prt
LoadPortals: couldn't read c:\documents and settings\pr3cis1on\desktop\de_fshs\rev16\de_fshsr16final.prt



[Reading texlights from 'lights.rad']
[1 texlights parsed from 'lights.rad']

Loading c:\documents and settings\pr3cis1on\desktop\de_fshs\rev16\de_fshsr16final.bsp
No vis information, direct lighting only.
8776 faces
1 degenerate faces
1768479 square feet [254660992.00 square inches]
7 displacements
46369 square feet [6677216.00 square inches]
0 direct lights
0...1...2...3...4...5...6...7...8...9...10Build Patch/Sample Hash Table(s).....Done<0.0734 sec>
0...1...2...3...4...5...6...7...8...9...10FinalLightFace Done
Computing detail prop lighting : 0...1...2...3...4...5...6...7...8...9...10
0 of 0 (0% of) surface lights went in leaf ambient cubes.
ComputePerLeafAmbientLighting: 0...1...2...3...4...5...6...7...8...9...10
Ready to Finish

Object names       Objects/Maxobjs  Memory / Maxmem  Fullness 
------------       ---------------  ---------------  -------- 
models                 183/1024         8784/49152    (17.9%) 
brushes               1293/8192        15516/98304    (15.8%) 
brushsides            8112/65536       64896/524288   (12.4%) 
planes                3222/65536       64440/1310720  ( 4.9%) 
vertexes             13762/65536      165144/786432   (21.0%) 
nodes                 5343/65536      170976/2097152  ( 8.2%) 
texinfos               742/12288       53424/884736   ( 6.0%) 
texdata                 25/2048          800/65536    ( 1.2%) 
dispinfos                7/0            1232/0        ( 0.0%) 
disp_verts            1607/0           32140/0        ( 0.0%) 
disp_tris             2816/0            5632/0        ( 0.0%) 
disp_lmsamples       87795/0           87795/0        ( 0.0%) 
faces                 8776/65536      491456/3670016  (13.4%) 
hdr faces                0/65536           0/3670016  ( 0.0%) 
origfaces             5110/65536      286160/3670016  ( 7.8%) 
leaves                5527/65536      176864/2097152  ( 8.4%) 
leaffaces            10932/65536       21864/131072   (16.7%) 
leafbrushes           3232/65536        6464/131072   ( 4.9%) 
areas                    2/256            16/2048     ( 0.8%) 
surfedges            62760/512000     251040/2048000  (12.3%) 
edges                35500/256000     142000/1024000  (13.9%) 
LDR worldlights          0/8192            0/720896   ( 0.0%) 
HDR worldlights          0/8192            0/720896   ( 0.0%) 
waterstrips            896/32768        8960/327680   ( 2.7%) 
waterverts               0/65536           0/786432   ( 0.0%) 
waterindices         15507/65536       31014/131072   (23.7%) 
cubemapsamples           0/1024            0/16384    ( 0.0%) 
overlays                 0/512             0/180224   ( 0.0%) 
LDR lightdata         [variable]     2292820/0        ( 0.0%) 
HDR lightdata         [variable]           0/0        ( 0.0%) 
visdata               [variable]           0/16777216 ( 0.0%) 
entdata               [variable]      114908/393216   (29.2%) 
LDR leaf ambient      5527/65536      132648/1572864  ( 8.4%) 
HDR leaf ambient         0/65536           0/1572864  ( 0.0%) 
occluders                0/0               0/0        ( 0.0%) 
occluder polygons        0/0               0/0        ( 0.0%) 
occluder vert ind        0/0               0/0        ( 0.0%) 
detail props          [variable]           1/1360     ( 0.1%) 
dtl prp lght          [variable]           1/4        (25.0%) 
HDR dtl prp lght      [variable]           1/4        (25.0%) 
static props          [variable]           1/2132     ( 0.0%) 
pakfile               [variable]       86726/0        ( 0.0%) 

Level flags = 0

Win32 Specific Data:
physics               [variable]      517829/4194304  (12.3%) 
==== Total Win32 BSP file data space used: 5231552 bytes ====

Total triangle count: 24750
Writing c:\documents and settings\pr3cis1on\desktop\de_fshs\rev16\de_fshsr16final.bsp
9 seconds elapsed
