


materialPath: d:\steam\steamapps\private_shon2\counter-strike source\cstrike\materials
Loading C:\Documents and Settings\Pr3cis1on\Desktop\de_fshs\Rev16\de_fshsr16rc1.vmf
Error: displacement found on a(n) func_tracktrain entity - not supported



1 threads
reading c:\documents and settings\pr3cis1on\desktop\de_fshs\rev16\de_fshsr16rc1.bsp
Error opening c:\documents and settings\pr3cis1on\desktop\de_fshs\rev16\de_fshsr16rc1.bsp


[Reading texlights from 'lights.rad']
[1 texlights parsed from 'lights.rad']

Loading c:\documents and settings\pr3cis1on\desktop\de_fshs\rev16\de_fshsr16rc1.bsp
Error opening c:\documents and settings\pr3cis1on\desktop\de_fshs\rev16\de_fshsr16rc1.bsp


materialPath: d:\steam\steamapps\private_shon2\counter-strike source\cstrike\materials
Loading C:\Documents and Settings\Pr3cis1on\Desktop\de_fshs\Rev16\de_fshsr16rc1.vmf
Error: displacement found on a(n) func_tracktrain entity - not supported



1 threads
reading c:\documents and settings\pr3cis1on\desktop\de_fshs\rev16\de_fshsr16rc1.bsp
Error opening c:\documents and settings\pr3cis1on\desktop\de_fshs\rev16\de_fshsr16rc1.bsp


[Reading texlights from 'lights.rad']
[1 texlights parsed from 'lights.rad']

Loading c:\documents and settings\pr3cis1on\desktop\de_fshs\rev16\de_fshsr16rc1.bsp
Error opening c:\documents and settings\pr3cis1on\desktop\de_fshs\rev16\de_fshsr16rc1.bsp


materialPath: d:\steam\steamapps\private_shon2\counter-strike source\cstrike\materials
Loading C:\Documents and Settings\Pr3cis1on\Desktop\de_fshs\Rev16\de_fshsr16rc1.vmf
Error: displacement found on a(n) func_tracktrain entity - not supported



1 threads
reading c:\documents and settings\pr3cis1on\desktop\de_fshs\rev16\de_fshsr16rc1.bsp
Error opening c:\documents and settings\pr3cis1on\desktop\de_fshs\rev16\de_fshsr16rc1.bsp


[Reading texlights from 'lights.rad']
[1 texlights parsed from 'lights.rad']

Loading c:\documents and settings\pr3cis1on\desktop\de_fshs\rev16\de_fshsr16rc1.bsp
Error opening c:\documents and settings\pr3cis1on\desktop\de_fshs\rev16\de_fshsr16rc1.bsp


materialPath: d:\steam\steamapps\private_shon2\counter-strike source\cstrike\materials
Loading C:\Documents and Settings\Pr3cis1on\Desktop\de_fshs\Rev16\de_fshsr16rc1.vmf
Error: displacement found on a(n) func_tracktrain entity - not supported



1 threads
reading c:\documents and settings\pr3cis1on\desktop\de_fshs\rev16\de_fshsr16rc1.bsp
Error opening c:\documents and settings\pr3cis1on\desktop\de_fshs\rev16\de_fshsr16rc1.bsp


[Reading texlights from 'lights.rad']
[1 texlights parsed from 'lights.rad']

Loading c:\documents and settings\pr3cis1on\desktop\de_fshs\rev16\de_fshsr16rc1.bsp
Error opening c:\documents and settings\pr3cis1on\desktop\de_fshs\rev16\de_fshsr16rc1.bsp


materialPath: d:\steam\steamapps\private_shon2\counter-strike source\cstrike\materials
Loading C:\Documents and Settings\Pr3cis1on\Desktop\de_fshs\Rev16\de_fshsr16rc1.vmf
Error: displacement found on a(n) func_tracktrain entity - not supported



1 threads
reading c:\documents and settings\pr3cis1on\desktop\de_fshs\rev16\de_fshsr16rc1.bsp
Error opening c:\documents and settings\pr3cis1on\desktop\de_fshs\rev16\de_fshsr16rc1.bsp


[Reading texlights from 'lights.rad']
[1 texlights parsed from 'lights.rad']

Loading c:\documents and settings\pr3cis1on\desktop\de_fshs\rev16\de_fshsr16rc1.bsp
Error opening c:\documents and settings\pr3cis1on\desktop\de_fshs\rev16\de_fshsr16rc1.bsp


materialPath: d:\steam\steamapps\private_shon2\counter-strike source\cstrike\materials
Loading C:\Documents and Settings\Pr3cis1on\Desktop\de_fshs\Rev16\de_fshsr16rc1.vmf
Error: displacement found on a(n) func_tracktrain entity - not supported



1 threads
reading c:\documents and settings\pr3cis1on\desktop\de_fshs\rev16\de_fshsr16rc1.bsp
Error opening c:\documents and settings\pr3cis1on\desktop\de_fshs\rev16\de_fshsr16rc1.bsp


[Reading texlights from 'lights.rad']
[1 texlights parsed from 'lights.rad']

Loading c:\documents and settings\pr3cis1on\desktop\de_fshs\rev16\de_fshsr16rc1.bsp
Error opening c:\documents and settings\pr3cis1on\desktop\de_fshs\rev16\de_fshsr16rc1.bsp


materialPath: d:\steam\steamapps\private_shon2\counter-strike source\cstrike\materials
Loading C:\Documents and Settings\Pr3cis1on\Desktop\de_fshs\Rev16\de_fshsr16rc1.vmf
Error: displacement found on a(n) func_tracktrain entity - not supported



1 threads
reading c:\documents and settings\pr3cis1on\desktop\de_fshs\rev16\de_fshsr16rc1.bsp
Error opening c:\documents and settings\pr3cis1on\desktop\de_fshs\rev16\de_fshsr16rc1.bsp


[Reading texlights from 'lights.rad']
[1 texlights parsed from 'lights.rad']

Loading c:\documents and settings\pr3cis1on\desktop\de_fshs\rev16\de_fshsr16rc1.bsp
Error opening c:\documents and settings\pr3cis1on\desktop\de_fshs\rev16\de_fshsr16rc1.bsp


materialPath: d:\steam\steamapps\private_shon2\counter-strike source\cstrike\materials
Loading C:\Documents and Settings\Pr3cis1on\Desktop\de_fshs\Rev16\de_fshsr16rc1.vmf
Error: displacement found on a(n) func_tracktrain entity - not supported



1 threads
reading c:\documents and settings\pr3cis1on\desktop\de_fshs\rev16\de_fshsr16rc1.bsp
Error opening c:\documents and settings\pr3cis1on\desktop\de_fshs\rev16\de_fshsr16rc1.bsp


[Reading texlights from 'lights.rad']
[1 texlights parsed from 'lights.rad']

Loading c:\documents and settings\pr3cis1on\desktop\de_fshs\rev16\de_fshsr16rc1.bsp
Error opening c:\documents and settings\pr3cis1on\desktop\de_fshs\rev16\de_fshsr16rc1.bsp


materialPath: d:\steam\steamapps\private_shon2\counter-strike source\cstrike\materials
Loading C:\Documents and Settings\Pr3cis1on\Desktop\de_fshs\Rev16\de_fshsr16rc1.vmf
Error: displacement found on a(n) func_detail entity - not supported



1 threads
reading c:\documents and settings\pr3cis1on\desktop\de_fshs\rev16\de_fshsr16rc1.bsp
Error opening c:\documents and settings\pr3cis1on\desktop\de_fshs\rev16\de_fshsr16rc1.bsp


[Reading texlights from 'lights.rad']
[1 texlights parsed from 'lights.rad']

Loading c:\documents and settings\pr3cis1on\desktop\de_fshs\rev16\de_fshsr16rc1.bsp
Error opening c:\documents and settings\pr3cis1on\desktop\de_fshs\rev16\de_fshsr16rc1.bsp


materialPath: d:\steam\steamapps\private_shon2\counter-strike source\cstrike\materials
Loading C:\Documents and Settings\Pr3cis1on\Desktop\de_fshs\Rev16\de_fshsr16rc1.vmf
fixing up env_cubemap materials on brush sides...
0...1...2...3...4...5...6...7...8...9...10**** leaked ****
Entity func_door_rotating (-966.00 -780.85 -160.00) leaked!

FindPortalSide: Couldn't find a good match for which brush to assign to a portal near (3584.0, 2048.0, 152.0)
Leaf 0 contents: 
Leaf 1 contents: CONTENTS_SOLID 
viscontents (node 0 contents ^ node 1 contents): CONTENTS_SOLID 
This means that none of the brushes in leaf 0 or 1 that touches the portal has CONTENTS_SOLID 
Check for a huge brush enclosing the coordinates above that has contents CONTENTS_SOLID 
Candidate brush IDs: 


FindPortalSide: Couldn't find a good match for which brush to assign to a portal near (4096.0, 1536.0, 152.0)
Leaf 0 contents: 
Leaf 1 contents: CONTENTS_SOLID 
viscontents (node 0 contents ^ node 1 contents): CONTENTS_SOLID 
This means that none of the brushes in leaf 0 or 1 that touches the portal has CONTENTS_SOLID 
Check for a huge brush enclosing the coordinates above that has contents CONTENTS_SOLID 
Candidate brush IDs: 


FindPortalSide: Couldn't find a good match for which brush to assign to a portal near (4096.0, 512.0, 152.0)
Leaf 0 contents: 
Leaf 1 contents: CONTENTS_SOLID 
viscontents (node 0 contents ^ node 1 contents): CONTENTS_SOLID 
This means that none of the brushes in leaf 0 or 1 that touches the portal has CONTENTS_SOLID 
Check for a huge brush enclosing the coordinates above that has contents CONTENTS_SOLID 
Candidate brush IDs: 


FindPortalSide: Couldn't find a good match for which brush to assign to a portal near (3072.0, -512.0, 152.0)
Leaf 0 contents: CONTENTS_SOLID 
Leaf 1 contents: 
viscontents (node 0 contents ^ node 1 contents): CONTENTS_SOLID 
This means that none of the brushes in leaf 0 or 1 that touches the portal has CONTENTS_SOLID 
Check for a huge brush enclosing the coordinates above that has contents CONTENTS_SOLID 
Candidate brush IDs: 


FindPortalSide: Couldn't find a good match for which brush to assign to a portal near (4096.0, -512.0, 152.0)
Leaf 0 contents: 
Leaf 1 contents: CONTENTS_SOLID 
viscontents (node 0 contents ^ node 1 contents): CONTENTS_SOLID 
This means that none of the brushes in leaf 0 or 1 that touches the portal has CONTENTS_SOLID 
Check for a huge brush enclosing the coordinates above that has contents CONTENTS_SOLID 
Candidate brush IDs: 


FindPortalSide: Couldn't find a good match for which brush to assign to a portal near (2560.0, 2048.0, 152.0)
Leaf 0 contents: 
Leaf 1 contents: CONTENTS_SOLID 
viscontents (node 0 contents ^ node 1 contents): CONTENTS_SOLID 
This means that none of the brushes in leaf 0 or 1 that touches the portal has CONTENTS_SOLID 
Check for a huge brush enclosing the coordinates above that has contents CONTENTS_SOLID 
Candidate brush IDs: 


FindPortalSide: Couldn't find a good match for which brush to assign to a portal near (1176.0, 1024.0, -970.0)
Leaf 0 contents: CONTENTS_SOLID 
Leaf 1 contents: 
viscontents (node 0 contents ^ node 1 contents): CONTENTS_SOLID 
This means that none of the brushes in leaf 0 or 1 that touches the portal has CONTENTS_SOLID 
Check for a huge brush enclosing the coordinates above that has contents CONTENTS_SOLID 
Candidate brush IDs: 


FindPortalSide: Couldn't find a good match for which brush to assign to a portal near (1176.0, 1024.0, 8.0)
Leaf 0 contents: CONTENTS_SOLID 
Leaf 1 contents: 
viscontents (node 0 contents ^ node 1 contents): CONTENTS_SOLID 
This means that none of the brushes in leaf 0 or 1 that touches the portal has CONTENTS_SOLID 
Check for a huge brush enclosing the coordinates above that has contents CONTENTS_SOLID 
Candidate brush IDs: 

*** Suppressing further FindPortalSide errors.... ***
Processing areas...done (0)
Building Faces...done (0)
Chop Details...done (0)
Find Visible Detail Sides...
Merged 28 detail faces...done (0)
Merging details...done (0)
FixTjuncs...
PruneNodes...
WriteBSP...
done (1)
Creating default cubemaps for env_cubemap using skybox materials:
skybox/militia_hdr*.vmt
Run buildcubemaps in the engine to get the correct cube maps.

Creating default HDR cubemaps for env_cubemap using skybox materials:
skybox/militia_hdr*.vmt
Run buildcubemaps in the engine to get the correct cube maps.

Finding displacement neighbors...
Finding lightmap sample positions...
Displacement Alpha : 0...1...2...3...4...5...6...7...8...9...10
Building Physics collision data...
done (1) (505610 bytes)
Error! prop_static using model "models/props_wasteland/prison_toilet01.mdl", which must be used on a dynamic entity (i.e. prop_physics). Deleted.
Error loading studio model "models/props_wasteland/prison_toilet01.mdl"!
Placing detail props : 0...1...2...3...4...5...6...7...8...9...10
Compacting texture/material tables...
Reduced 1101 texinfos to 709
Reduced 23 texdatas to 22 (497 bytes to 475)
Writing C:\Documents and Settings\Pr3cis1on\Desktop\de_fshs\Rev16\de_fshsr16rc1.bsp
8 seconds elapsed



1 threads
reading c:\documents and settings\pr3cis1on\desktop\de_fshs\rev16\de_fshsr16rc1.bsp
reading c:\documents and settings\pr3cis1on\desktop\de_fshs\rev16\de_fshsr16rc1.prt
LoadPortals: couldn't read c:\documents and settings\pr3cis1on\desktop\de_fshs\rev16\de_fshsr16rc1.prt



[Reading texlights from 'lights.rad']
[1 texlights parsed from 'lights.rad']

Loading c:\documents and settings\pr3cis1on\desktop\de_fshs\rev16\de_fshsr16rc1.bsp
No vis information, direct lighting only.
8675 faces
1 degenerate faces
1743578 square feet [251075264.00 square inches]
7 displacements
46369 square feet [6677216.00 square inches]
0 direct lights
0...1...2...3...4...5...6...7...8...9...10Build Patch/Sample Hash Table(s).....Done<0.0710 sec>
0...1...2...3...4...5...6...7...8...9...10FinalLightFace Done
Computing detail prop lighting : 0...1...2...3...4...5...6...7...8...9...10
0 of 0 (0% of) surface lights went in leaf ambient cubes.
ComputePerLeafAmbientLighting: 0...1...2...3...4...5...6...7...8...9...10
Ready to Finish

Object names       Objects/Maxobjs  Memory / Maxmem  Fullness 
------------       ---------------  ---------------  -------- 
models                 167/1024         8016/49152    (16.3%) 
brushes               1268/8192        15216/98304    (15.5%) 
brushsides            7958/65536       63664/524288   (12.1%) 
planes                2936/65536       58720/1310720  ( 4.5%) 
vertexes             13513/65536      162156/786432   (20.6%) 
nodes                 5243/65536      167776/2097152  ( 8.0%) 
texinfos               709/12288       51048/884736   ( 5.8%) 
texdata                 22/2048          704/65536    ( 1.1%) 
dispinfos                7/0            1232/0        ( 0.0%) 
disp_verts            1607/0           32140/0        ( 0.0%) 
disp_tris             2816/0            5632/0        ( 0.0%) 
disp_lmsamples       87795/0           87795/0        ( 0.0%) 
faces                 8675/65536      485800/3670016  (13.2%) 
hdr faces                0/65536           0/3670016  ( 0.0%) 
origfaces             5031/65536      281736/3670016  ( 7.7%) 
leaves                5411/65536      173152/2097152  ( 8.3%) 
leaffaces            10696/65536       21392/131072   (16.3%) 
leafbrushes           3171/65536        6342/131072   ( 4.8%) 
areas                    2/256            16/2048     ( 0.8%) 
surfedges            61985/512000     247940/2048000  (12.1%) 
edges                35085/256000     140340/1024000  (13.7%) 
LDR worldlights          0/8192            0/720896   ( 0.0%) 
HDR worldlights          0/8192            0/720896   ( 0.0%) 
waterstrips            871/32768        8710/327680   ( 2.7%) 
waterverts               0/65536           0/786432   ( 0.0%) 
waterindices         15051/65536       30102/131072   (23.0%) 
cubemapsamples           0/1024            0/16384    ( 0.0%) 
overlays                 0/512             0/180224   ( 0.0%) 
LDR lightdata         [variable]     2276492/0        ( 0.0%) 
HDR lightdata         [variable]           0/0        ( 0.0%) 
visdata               [variable]           0/16777216 ( 0.0%) 
entdata               [variable]      100110/393216   (25.5%) 
LDR leaf ambient      5411/65536      129864/1572864  ( 8.3%) 
HDR leaf ambient         0/65536           0/1572864  ( 0.0%) 
occluders                0/0               0/0        ( 0.0%) 
occluder polygons        0/0               0/0        ( 0.0%) 
occluder vert ind        0/0               0/0        ( 0.0%) 
detail props          [variable]           1/1360     ( 0.1%) 
dtl prp lght          [variable]           1/4        (25.0%) 
HDR dtl prp lght      [variable]           1/4        (25.0%) 
static props          [variable]           1/1484     ( 0.1%) 
pakfile               [variable]       86718/0        ( 0.0%) 

Level flags = 0

Win32 Specific Data:
physics               [variable]      505610/4194304  (12.1%) 
==== Total Win32 BSP file data space used: 5148427 bytes ====

Total triangle count: 24493
Writing c:\documents and settings\pr3cis1on\desktop\de_fshs\rev16\de_fshsr16rc1.bsp
9 seconds elapsed



materialPath: d:\steam\steamapps\private_shon2\counter-strike source\cstrike\materials
Loading C:\Documents and Settings\Pr3cis1on\Desktop\de_fshs\Rev16\de_fshsr16rc1.vmf
fixing up env_cubemap materials on brush sides...
0...1...2...3...4...5...6...7...8...9...10**** leaked ****
Entity func_door_rotating (-966.00 -780.85 -160.00) leaked!

FindPortalSide: Couldn't find a good match for which brush to assign to a portal near (3584.0, 2048.0, 152.0)
Leaf 0 contents: 
Leaf 1 contents: CONTENTS_SOLID 
viscontents (node 0 contents ^ node 1 contents): CONTENTS_SOLID 
This means that none of the brushes in leaf 0 or 1 that touches the portal has CONTENTS_SOLID 
Check for a huge brush enclosing the coordinates above that has contents CONTENTS_SOLID 
Candidate brush IDs: 


FindPortalSide: Couldn't find a good match for which brush to assign to a portal near (4096.0, 1536.0, 152.0)
Leaf 0 contents: 
Leaf 1 contents: CONTENTS_SOLID 
viscontents (node 0 contents ^ node 1 contents): CONTENTS_SOLID 
This means that none of the brushes in leaf 0 or 1 that touches the portal has CONTENTS_SOLID 
Check for a huge brush enclosing the coordinates above that has contents CONTENTS_SOLID 
Candidate brush IDs: 


FindPortalSide: Couldn't find a good match for which brush to assign to a portal near (4096.0, 512.0, 152.0)
Leaf 0 contents: 
Leaf 1 contents: CONTENTS_SOLID 
viscontents (node 0 contents ^ node 1 contents): CONTENTS_SOLID 
This means that none of the brushes in leaf 0 or 1 that touches the portal has CONTENTS_SOLID 
Check for a huge brush enclosing the coordinates above that has contents CONTENTS_SOLID 
Candidate brush IDs: 


FindPortalSide: Couldn't find a good match for which brush to assign to a portal near (3072.0, -512.0, 152.0)
Leaf 0 contents: CONTENTS_SOLID 
Leaf 1 contents: 
viscontents (node 0 contents ^ node 1 contents): CONTENTS_SOLID 
This means that none of the brushes in leaf 0 or 1 that touches the portal has CONTENTS_SOLID 
Check for a huge brush enclosing the coordinates above that has contents CONTENTS_SOLID 
Candidate brush IDs: 


FindPortalSide: Couldn't find a good match for which brush to assign to a portal near (4096.0, -512.0, 152.0)
Leaf 0 contents: 
Leaf 1 contents: CONTENTS_SOLID 
viscontents (node 0 contents ^ node 1 contents): CONTENTS_SOLID 
This means that none of the brushes in leaf 0 or 1 that touches the portal has CONTENTS_SOLID 
Check for a huge brush enclosing the coordinates above that has contents CONTENTS_SOLID 
Candidate brush IDs: 


FindPortalSide: Couldn't find a good match for which brush to assign to a portal near (2560.0, 2048.0, 152.0)
Leaf 0 contents: 
Leaf 1 contents: CONTENTS_SOLID 
viscontents (node 0 contents ^ node 1 contents): CONTENTS_SOLID 
This means that none of the brushes in leaf 0 or 1 that touches the portal has CONTENTS_SOLID 
Check for a huge brush enclosing the coordinates above that has contents CONTENTS_SOLID 
Candidate brush IDs: 


FindPortalSide: Couldn't find a good match for which brush to assign to a portal near (1176.0, 1024.0, -970.0)
Leaf 0 contents: CONTENTS_SOLID 
Leaf 1 contents: 
viscontents (node 0 contents ^ node 1 contents): CONTENTS_SOLID 
This means that none of the brushes in leaf 0 or 1 that touches the portal has CONTENTS_SOLID 
Check for a huge brush enclosing the coordinates above that has contents CONTENTS_SOLID 
Candidate brush IDs: 


FindPortalSide: Couldn't find a good match for which brush to assign to a portal near (1176.0, 1024.0, 8.0)
Leaf 0 contents: CONTENTS_SOLID 
Leaf 1 contents: 
viscontents (node 0 contents ^ node 1 contents): CONTENTS_SOLID 
This means that none of the brushes in leaf 0 or 1 that touches the portal has CONTENTS_SOLID 
Check for a huge brush enclosing the coordinates above that has contents CONTENTS_SOLID 
Candidate brush IDs: 

*** Suppressing further FindPortalSide errors.... ***
Processing areas...done (0)
Building Faces...done (0)
Chop Details...done (0)
Find Visible Detail Sides...
Merged 28 detail faces...done (0)
Merging details...done (0)
FixTjuncs...
PruneNodes...
WriteBSP...
done (1)
Creating default cubemaps for env_cubemap using skybox materials:
skybox/militia_hdr*.vmt
Run buildcubemaps in the engine to get the correct cube maps.

Creating default HDR cubemaps for env_cubemap using skybox materials:
skybox/militia_hdr*.vmt
Run buildcubemaps in the engine to get the correct cube maps.

Finding displacement neighbors...
Finding lightmap sample positions...
Displacement Alpha : 0...1...2...3...4...5...6...7...8...9...10
Building Physics collision data...
done (1) (505834 bytes)
Error! prop_static using model "models/props_wasteland/prison_toilet01.mdl", which must be used on a dynamic entity (i.e. prop_physics). Deleted.
Error loading studio model "models/props_wasteland/prison_toilet01.mdl"!
Placing detail props : 0...1...2...3...4...5...6...7...8...9...10
Compacting texture/material tables...
Reduced 1101 texinfos to 710
Reduced 22 texdatas to 21 (456 bytes to 434)
Writing C:\Documents and Settings\Pr3cis1on\Desktop\de_fshs\Rev16\de_fshsr16rc1.bsp
8 seconds elapsed



1 threads
reading c:\documents and settings\pr3cis1on\desktop\de_fshs\rev16\de_fshsr16rc1.bsp
reading c:\documents and settings\pr3cis1on\desktop\de_fshs\rev16\de_fshsr16rc1.prt
LoadPortals: couldn't read c:\documents and settings\pr3cis1on\desktop\de_fshs\rev16\de_fshsr16rc1.prt



[Reading texlights from 'lights.rad']
[1 texlights parsed from 'lights.rad']

Loading c:\documents and settings\pr3cis1on\desktop\de_fshs\rev16\de_fshsr16rc1.bsp
No vis information, direct lighting only.
8663 faces
1 degenerate faces
1743282 square feet [251032688.00 square inches]
7 displacements
46369 square feet [6677216.00 square inches]
0 direct lights
0...1...2...3...4...5...6...7...8...9...10Build Patch/Sample Hash Table(s).....Done<0.0683 sec>
0...1...2...3...4...5...6...7...8...9...10FinalLightFace Done
Computing detail prop lighting : 0...1...2...3...4...5...6...7...8...9...10
0 of 0 (0% of) surface lights went in leaf ambient cubes.
ComputePerLeafAmbientLighting: 0...1...2...3...4...5...6...7...8...9...10
Ready to Finish

Object names       Objects/Maxobjs  Memory / Maxmem  Fullness 
------------       ---------------  ---------------  -------- 
models                 168/1024         8064/49152    (16.4%) 
brushes               1268/8192        15216/98304    (15.5%) 
brushsides            7958/65536       63664/524288   (12.1%) 
planes                2944/65536       58880/1310720  ( 4.5%) 
vertexes             13515/65536      162180/786432   (20.6%) 
nodes                 5244/65536      167808/2097152  ( 8.0%) 
texinfos               710/12288       51120/884736   ( 5.8%) 
texdata                 21/2048          672/65536    ( 1.0%) 
dispinfos                7/0            1232/0        ( 0.0%) 
disp_verts            1607/0           32140/0        ( 0.0%) 
disp_tris             2816/0            5632/0        ( 0.0%) 
disp_lmsamples       87795/0           87795/0        ( 0.0%) 
faces                 8663/65536      485128/3670016  (13.2%) 
hdr faces                0/65536           0/3670016  ( 0.0%) 
origfaces             5026/65536      281456/3670016  ( 7.7%) 
leaves                5413/65536      173216/2097152  ( 8.3%) 
leaffaces            10681/65536       21362/131072   (16.3%) 
leafbrushes           3171/65536        6342/131072   ( 4.8%) 
areas                    2/256            16/2048     ( 0.8%) 
surfedges            61897/512000     247588/2048000  (12.1%) 
edges                35024/256000     140096/1024000  (13.7%) 
LDR worldlights          0/8192            0/720896   ( 0.0%) 
HDR worldlights          0/8192            0/720896   ( 0.0%) 
waterstrips            864/32768        8640/327680   ( 2.6%) 
waterverts               0/65536           0/786432   ( 0.0%) 
waterindices         14961/65536       29922/131072   (22.8%) 
cubemapsamples           0/1024            0/16384    ( 0.0%) 
overlays                 0/512             0/180224   ( 0.0%) 
LDR lightdata         [variable]     2276836/0        ( 0.0%) 
HDR lightdata         [variable]           0/0        ( 0.0%) 
visdata               [variable]           0/16777216 ( 0.0%) 
entdata               [variable]      100081/393216   (25.5%) 
LDR leaf ambient      5413/65536      129912/1572864  ( 8.3%) 
HDR leaf ambient         0/65536           0/1572864  ( 0.0%) 
occluders                0/0               0/0        ( 0.0%) 
occluder polygons        0/0               0/0        ( 0.0%) 
occluder vert ind        0/0               0/0        ( 0.0%) 
detail props          [variable]           1/1360     ( 0.1%) 
dtl prp lght          [variable]           1/4        (25.0%) 
HDR dtl prp lght      [variable]           1/4        (25.0%) 
static props          [variable]           1/1482     ( 0.1%) 
pakfile               [variable]       86718/0        ( 0.0%) 

Level flags = 0

Win32 Specific Data:
physics               [variable]      505834/4194304  (12.1%) 
==== Total Win32 BSP file data space used: 5147554 bytes ====

Total triangle count: 24449
Writing c:\documents and settings\pr3cis1on\desktop\de_fshs\rev16\de_fshsr16rc1.bsp
8 seconds elapsed



materialPath: d:\steam\steamapps\private_shon2\counter-strike source\cstrike\materials
Loading C:\Documents and Settings\Pr3cis1on\Desktop\de_fshs\Rev16\de_fshsr16rc1.vmf
fixing up env_cubemap materials on brush sides...
0...1...2...3...4...5...6...7...8...9...10**** leaked ****
Entity func_door_rotating (-966.00 -780.85 -160.00) leaked!

FindPortalSide: Couldn't find a good match for which brush to assign to a portal near (3584.0, 2048.0, 152.0)
Leaf 0 contents: 
Leaf 1 contents: CONTENTS_SOLID 
viscontents (node 0 contents ^ node 1 contents): CONTENTS_SOLID 
This means that none of the brushes in leaf 0 or 1 that touches the portal has CONTENTS_SOLID 
Check for a huge brush enclosing the coordinates above that has contents CONTENTS_SOLID 
Candidate brush IDs: 


FindPortalSide: Couldn't find a good match for which brush to assign to a portal near (4096.0, 1536.0, 152.0)
Leaf 0 contents: 
Leaf 1 contents: CONTENTS_SOLID 
viscontents (node 0 contents ^ node 1 contents): CONTENTS_SOLID 
This means that none of the brushes in leaf 0 or 1 that touches the portal has CONTENTS_SOLID 
Check for a huge brush enclosing the coordinates above that has contents CONTENTS_SOLID 
Candidate brush IDs: 


FindPortalSide: Couldn't find a good match for which brush to assign to a portal near (4096.0, 512.0, 152.0)
Leaf 0 contents: 
Leaf 1 contents: CONTENTS_SOLID 
viscontents (node 0 contents ^ node 1 contents): CONTENTS_SOLID 
This means that none of the brushes in leaf 0 or 1 that touches the portal has CONTENTS_SOLID 
Check for a huge brush enclosing the coordinates above that has contents CONTENTS_SOLID 
Candidate brush IDs: 


FindPortalSide: Couldn't find a good match for which brush to assign to a portal near (3072.0, -512.0, 152.0)
Leaf 0 contents: CONTENTS_SOLID 
Leaf 1 contents: 
viscontents (node 0 contents ^ node 1 contents): CONTENTS_SOLID 
This means that none of the brushes in leaf 0 or 1 that touches the portal has CONTENTS_SOLID 
Check for a huge brush enclosing the coordinates above that has contents CONTENTS_SOLID 
Candidate brush IDs: 


FindPortalSide: Couldn't find a good match for which brush to assign to a portal near (4096.0, -512.0, 152.0)
Leaf 0 contents: 
Leaf 1 contents: CONTENTS_SOLID 
viscontents (node 0 contents ^ node 1 contents): CONTENTS_SOLID 
This means that none of the brushes in leaf 0 or 1 that touches the portal has CONTENTS_SOLID 
Check for a huge brush enclosing the coordinates above that has contents CONTENTS_SOLID 
Candidate brush IDs: 


FindPortalSide: Couldn't find a good match for which brush to assign to a portal near (2560.0, 2048.0, 152.0)
Leaf 0 contents: 
Leaf 1 contents: CONTENTS_SOLID 
viscontents (node 0 contents ^ node 1 contents): CONTENTS_SOLID 
This means that none of the brushes in leaf 0 or 1 that touches the portal has CONTENTS_SOLID 
Check for a huge brush enclosing the coordinates above that has contents CONTENTS_SOLID 
Candidate brush IDs: 


FindPortalSide: Couldn't find a good match for which brush to assign to a portal near (1176.0, 1024.0, -970.0)
Leaf 0 contents: CONTENTS_SOLID 
Leaf 1 contents: 
viscontents (node 0 contents ^ node 1 contents): CONTENTS_SOLID 
This means that none of the brushes in leaf 0 or 1 that touches the portal has CONTENTS_SOLID 
Check for a huge brush enclosing the coordinates above that has contents CONTENTS_SOLID 
Candidate brush IDs: 


FindPortalSide: Couldn't find a good match for which brush to assign to a portal near (1176.0, 1024.0, 8.0)
Leaf 0 contents: CONTENTS_SOLID 
Leaf 1 contents: 
viscontents (node 0 contents ^ node 1 contents): CONTENTS_SOLID 
This means that none of the brushes in leaf 0 or 1 that touches the portal has CONTENTS_SOLID 
Check for a huge brush enclosing the coordinates above that has contents CONTENTS_SOLID 
Candidate brush IDs: 

*** Suppressing further FindPortalSide errors.... ***
Processing areas...done (0)
Building Faces...done (1)
Chop Details...done (0)
Find Visible Detail Sides...
Merged 34 detail faces...done (0)
Merging details...done (0)
FixTjuncs...
PruneNodes...
WriteBSP...
done (0)
Creating default cubemaps for env_cubemap using skybox materials:
skybox/militia_hdr*.vmt
Run buildcubemaps in the engine to get the correct cube maps.

Creating default HDR cubemaps for env_cubemap using skybox materials:
skybox/militia_hdr*.vmt
Run buildcubemaps in the engine to get the correct cube maps.

Finding displacement neighbors...
Finding lightmap sample positions...
Displacement Alpha : 0...1...2...3...4...5...6...7...8...9...10
Building Physics collision data...
done (0) (504947 bytes)
Error! prop_static using model "models/props_wasteland/prison_toilet01.mdl", which must be used on a dynamic entity (i.e. prop_physics). Deleted.
Error loading studio model "models/props_wasteland/prison_toilet01.mdl"!
Placing detail props : 0...1...2...3...4...5...6...7...8...9...10
Compacting texture/material tables...
Reduced 1096 texinfos to 708
Reduced 22 texdatas to 21 (456 bytes to 434)
Writing C:\Documents and Settings\Pr3cis1on\Desktop\de_fshs\Rev16\de_fshsr16rc1.bsp
8 seconds elapsed



1 threads
reading c:\documents and settings\pr3cis1on\desktop\de_fshs\rev16\de_fshsr16rc1.bsp
reading c:\documents and settings\pr3cis1on\desktop\de_fshs\rev16\de_fshsr16rc1.prt
LoadPortals: couldn't read c:\documents and settings\pr3cis1on\desktop\de_fshs\rev16\de_fshsr16rc1.prt



[Reading texlights from 'lights.rad']
[1 texlights parsed from 'lights.rad']

Loading c:\documents and settings\pr3cis1on\desktop\de_fshs\rev16\de_fshsr16rc1.bsp
No vis information, direct lighting only.
8622 faces
1 degenerate faces
1743291 square feet [251033920.00 square inches]
7 displacements
46369 square feet [6677216.00 square inches]
0 direct lights
0...1...2...3...4...5...6...7...8...9...10Build Patch/Sample Hash Table(s).....Done<0.0709 sec>
0...1...2...3...4...5...6...7...8...9...10FinalLightFace Done
Computing detail prop lighting : 0...1...2...3...4...5...6...7...8...9...10
0 of 0 (0% of) surface lights went in leaf ambient cubes.
ComputePerLeafAmbientLighting: 0...1...2...3...4...5...6...7...8...9...10
Ready to Finish

Object names       Objects/Maxobjs  Memory / Maxmem  Fullness 
------------       ---------------  ---------------  -------- 
models                 168/1024         8064/49152    (16.4%) 
brushes               1266/8192        15192/98304    (15.5%) 
brushsides            7946/65536       63568/524288   (12.1%) 
planes                2936/65536       58720/1310720  ( 4.5%) 
vertexes             13458/65536      161496/786432   (20.5%) 
nodes                 5172/65536      165504/2097152  ( 7.9%) 
texinfos               708/12288       50976/884736   ( 5.8%) 
texdata                 21/2048          672/65536    ( 1.0%) 
dispinfos                7/0            1232/0        ( 0.0%) 
disp_verts            1607/0           32140/0        ( 0.0%) 
disp_tris             2816/0            5632/0        ( 0.0%) 
disp_lmsamples       87795/0           87795/0        ( 0.0%) 
faces                 8622/65536      482832/3670016  (13.2%) 
hdr faces                0/65536           0/3670016  ( 0.0%) 
origfaces             5028/65536      281568/3670016  ( 7.7%) 
leaves                5341/65536      170912/2097152  ( 8.1%) 
leaffaces            10724/65536       21448/131072   (16.4%) 
leafbrushes           3176/65536        6352/131072   ( 4.8%) 
areas                    2/256            16/2048     ( 0.8%) 
surfedges            61736/512000     246944/2048000  (12.1%) 
edges                34963/256000     139852/1024000  (13.7%) 
LDR worldlights          0/8192            0/720896   ( 0.0%) 
HDR worldlights          0/8192            0/720896   ( 0.0%) 
waterstrips            877/32768        8770/327680   ( 2.7%) 
waterverts               0/65536           0/786432   ( 0.0%) 
waterindices         15195/65536       30390/131072   (23.2%) 
cubemapsamples           0/1024            0/16384    ( 0.0%) 
overlays                 0/512             0/180224   ( 0.0%) 
LDR lightdata         [variable]     2277920/0        ( 0.0%) 
HDR lightdata         [variable]           0/0        ( 0.0%) 
visdata               [variable]           0/16777216 ( 0.0%) 
entdata               [variable]      101702/393216   (25.9%) 
LDR leaf ambient      5341/65536      128184/1572864  ( 8.1%) 
HDR leaf ambient         0/65536           0/1572864  ( 0.0%) 
occluders                0/0               0/0        ( 0.0%) 
occluder polygons        0/0               0/0        ( 0.0%) 
occluder vert ind        0/0               0/0        ( 0.0%) 
detail props          [variable]           1/1360     ( 0.1%) 
dtl prp lght          [variable]           1/4        (25.0%) 
HDR dtl prp lght      [variable]           1/4        (25.0%) 
static props          [variable]           1/1484     ( 0.1%) 
pakfile               [variable]       86718/0        ( 0.0%) 

Level flags = 0

Win32 Specific Data:
physics               [variable]      504947/4194304  (12.0%) 
==== Total Win32 BSP file data space used: 5139550 bytes ====

Total triangle count: 24362
Writing c:\documents and settings\pr3cis1on\desktop\de_fshs\rev16\de_fshsr16rc1.bsp
9 seconds elapsed



materialPath: d:\steam\steamapps\private_shon2\counter-strike source\cstrike\materials
Loading C:\Documents and Settings\Pr3cis1on\Desktop\de_fshs\Rev16\de_fshsr16rc1.vmf
fixing up env_cubemap materials on brush sides...
0...1...2...3...4...5...6...7...8...9...10**** leaked ****
Entity func_door_rotating (-966.00 -780.85 -160.00) leaked!

FindPortalSide: Couldn't find a good match for which brush to assign to a portal near (3584.0, 2048.0, 152.0)
Leaf 0 contents: 
Leaf 1 contents: CONTENTS_SOLID 
viscontents (node 0 contents ^ node 1 contents): CONTENTS_SOLID 
This means that none of the brushes in leaf 0 or 1 that touches the portal has CONTENTS_SOLID 
Check for a huge brush enclosing the coordinates above that has contents CONTENTS_SOLID 
Candidate brush IDs: 


FindPortalSide: Couldn't find a good match for which brush to assign to a portal near (4096.0, 1536.0, 152.0)
Leaf 0 contents: 
Leaf 1 contents: CONTENTS_SOLID 
viscontents (node 0 contents ^ node 1 contents): CONTENTS_SOLID 
This means that none of the brushes in leaf 0 or 1 that touches the portal has CONTENTS_SOLID 
Check for a huge brush enclosing the coordinates above that has contents CONTENTS_SOLID 
Candidate brush IDs: 


FindPortalSide: Couldn't find a good match for which brush to assign to a portal near (4096.0, 512.0, 152.0)
Leaf 0 contents: 
Leaf 1 contents: CONTENTS_SOLID 
viscontents (node 0 contents ^ node 1 contents): CONTENTS_SOLID 
This means that none of the brushes in leaf 0 or 1 that touches the portal has CONTENTS_SOLID 
Check for a huge brush enclosing the coordinates above that has contents CONTENTS_SOLID 
Candidate brush IDs: 


FindPortalSide: Couldn't find a good match for which brush to assign to a portal near (3072.0, -512.0, 152.0)
Leaf 0 contents: CONTENTS_SOLID 
Leaf 1 contents: 
viscontents (node 0 contents ^ node 1 contents): CONTENTS_SOLID 
This means that none of the brushes in leaf 0 or 1 that touches the portal has CONTENTS_SOLID 
Check for a huge brush enclosing the coordinates above that has contents CONTENTS_SOLID 
Candidate brush IDs: 


FindPortalSide: Couldn't find a good match for which brush to assign to a portal near (4096.0, -512.0, 152.0)
Leaf 0 contents: 
Leaf 1 contents: CONTENTS_SOLID 
viscontents (node 0 contents ^ node 1 contents): CONTENTS_SOLID 
This means that none of the brushes in leaf 0 or 1 that touches the portal has CONTENTS_SOLID 
Check for a huge brush enclosing the coordinates above that has contents CONTENTS_SOLID 
Candidate brush IDs: 


FindPortalSide: Couldn't find a good match for which brush to assign to a portal near (2560.0, 2048.0, 152.0)
Leaf 0 contents: 
Leaf 1 contents: CONTENTS_SOLID 
viscontents (node 0 contents ^ node 1 contents): CONTENTS_SOLID 
This means that none of the brushes in leaf 0 or 1 that touches the portal has CONTENTS_SOLID 
Check for a huge brush enclosing the coordinates above that has contents CONTENTS_SOLID 
Candidate brush IDs: 


FindPortalSide: Couldn't find a good match for which brush to assign to a portal near (1176.0, 1024.0, -970.0)
Leaf 0 contents: CONTENTS_SOLID 
Leaf 1 contents: 
viscontents (node 0 contents ^ node 1 contents): CONTENTS_SOLID 
This means that none of the brushes in leaf 0 or 1 that touches the portal has CONTENTS_SOLID 
Check for a huge brush enclosing the coordinates above that has contents CONTENTS_SOLID 
Candidate brush IDs: 


FindPortalSide: Couldn't find a good match for which brush to assign to a portal near (1176.0, 1024.0, 8.0)
Leaf 0 contents: CONTENTS_SOLID 
Leaf 1 contents: 
viscontents (node 0 contents ^ node 1 contents): CONTENTS_SOLID 
This means that none of the brushes in leaf 0 or 1 that touches the portal has CONTENTS_SOLID 
Check for a huge brush enclosing the coordinates above that has contents CONTENTS_SOLID 
Candidate brush IDs: 

*** Suppressing further FindPortalSide errors.... ***
Processing areas...done (0)
Building Faces...done (0)
Chop Details...done (0)
Find Visible Detail Sides...
Merged 28 detail faces...done (0)
Merging details...done (0)
FixTjuncs...
PruneNodes...
WriteBSP...
done (1)
Creating default cubemaps for env_cubemap using skybox materials:
skybox/militia_hdr*.vmt
Run buildcubemaps in the engine to get the correct cube maps.

Creating default HDR cubemaps for env_cubemap using skybox materials:
skybox/militia_hdr*.vmt
Run buildcubemaps in the engine to get the correct cube maps.

Finding displacement neighbors...
Finding lightmap sample positions...
Displacement Alpha : 0...1...2...3...4...5...6...7...8...9...10
Building Physics collision data...
done (1) (490825 bytes)
Error! prop_static using model "models/props_wasteland/prison_toilet01.mdl", which must be used on a dynamic entity (i.e. prop_physics). Deleted.
Error loading studio model "models/props_wasteland/prison_toilet01.mdl"!
Placing detail props : 0...1...2...3...4...5...6...7...8...9...10
Compacting texture/material tables...
Reduced 1187 texinfos to 741
Reduced 25 texdatas to 24 (510 bytes to 488)
Writing C:\Documents and Settings\Pr3cis1on\Desktop\de_fshs\Rev16\de_fshsr16rc1.bsp
7 seconds elapsed



1 threads
reading c:\documents and settings\pr3cis1on\desktop\de_fshs\rev16\de_fshsr16rc1.bsp
reading c:\documents and settings\pr3cis1on\desktop\de_fshs\rev16\de_fshsr16rc1.prt
LoadPortals: couldn't read c:\documents and settings\pr3cis1on\desktop\de_fshs\rev16\de_fshsr16rc1.prt



[Reading texlights from 'lights.rad']
[1 texlights parsed from 'lights.rad']

Loading c:\documents and settings\pr3cis1on\desktop\de_fshs\rev16\de_fshsr16rc1.bsp
No vis information, direct lighting only.
8491 faces
1 degenerate faces
1757103 square feet [253022848.00 square inches]
7 displacements
46369 square feet [6677216.00 square inches]
0 direct lights
0...1...2...3...4...5...6...7...8...9...10Build Patch/Sample Hash Table(s).....Done<0.0677 sec>
0...1...2...3...4...5...6...7...8...9...10FinalLightFace Done
0 of 0 (0% of) surface lights went in leaf ambient cubes.
ComputePerLeafAmbientLighting: 0...1...2...3...4...5...6...7...8...9...10
Ready to Finish

Object names       Objects/Maxobjs  Memory / Maxmem  Fullness 
------------       ---------------  ---------------  -------- 
models                 181/1024         8688/49152    (17.7%) 
brushes               1209/8192        14508/98304    (14.8%) 
brushsides            7441/65536       59528/524288   (11.4%) 
planes                2626/65536       52520/1310720  ( 4.0%) 
vertexes             13170/65536      158040/786432   (20.1%) 
nodes                 5181/65536      165792/2097152  ( 7.9%) 
texinfos               741/12288       53352/884736   ( 6.0%) 
texdata                 24/2048          768/65536    ( 1.2%) 
dispinfos                7/0            1232/0        ( 0.0%) 
disp_verts            1607/0           32140/0        ( 0.0%) 
disp_tris             2816/0            5632/0        ( 0.0%) 
disp_lmsamples       87795/0           87795/0        ( 0.0%) 
faces                 8491/65536      475496/3670016  (13.0%) 
hdr faces                0/65536           0/3670016  ( 0.0%) 
origfaces             4920/65536      275520/3670016  ( 7.5%) 
leaves                5363/65536      171616/2097152  ( 8.2%) 
leaffaces            10695/65536       21390/131072   (16.3%) 
leafbrushes           3048/65536        6096/131072   ( 4.7%) 
areas                    2/256            16/2048     ( 0.8%) 
surfedges            60684/512000     242736/2048000  (11.9%) 
edges                34223/256000     136892/1024000  (13.4%) 
LDR worldlights          0/8192            0/720896   ( 0.0%) 
HDR worldlights          0/8192            0/720896   ( 0.0%) 
waterstrips            864/32768        8640/327680   ( 2.6%) 
waterverts               0/65536           0/786432   ( 0.0%) 
waterindices         14964/65536       29928/131072   (22.8%) 
cubemapsamples           0/1024            0/16384    ( 0.0%) 
overlays                 0/512             0/180224   ( 0.0%) 
LDR lightdata         [variable]     2308592/0        ( 0.0%) 
HDR lightdata         [variable]           0/0        ( 0.0%) 
visdata               [variable]           0/16777216 ( 0.0%) 
entdata               [variable]      111490/393216   (28.4%) 
LDR leaf ambient      5363/65536      128712/1572864  ( 8.2%) 
HDR leaf ambient         0/65536           0/1572864  ( 0.0%) 
occluders                0/0               0/0        ( 0.0%) 
occluder polygons        0/0               0/0        ( 0.0%) 
occluder vert ind        0/0               0/0        ( 0.0%) 
detail props          [variable]           1/12       ( 8.3%) 
static props          [variable]           1/908      ( 0.1%) 
pakfile               [variable]       86718/0        ( 0.0%) 

Level flags = 0

Win32 Specific Data:
physics               [variable]      490825/4194304  (11.7%) 
==== Total Win32 BSP file data space used: 5134664 bytes ====

Total triangle count: 23926
Writing c:\documents and settings\pr3cis1on\desktop\de_fshs\rev16\de_fshsr16rc1.bsp
8 seconds elapsed



materialPath: d:\steam\steamapps\private_shon2\counter-strike source\cstrike\materials
Loading C:\Documents and Settings\Pr3cis1on\Desktop\de_fshs\Rev16\de_fshsr16rc1.vmf
fixing up env_cubemap materials on brush sides...
0...1...2...3...4...5...6...7...8...9...10**** leaked ****
Entity func_door_rotating (-966.00 -780.85 -160.00) leaked!

FindPortalSide: Couldn't find a good match for which brush to assign to a portal near (3584.0, 2048.0, 152.0)
Leaf 0 contents: 
Leaf 1 contents: CONTENTS_SOLID 
viscontents (node 0 contents ^ node 1 contents): CONTENTS_SOLID 
This means that none of the brushes in leaf 0 or 1 that touches the portal has CONTENTS_SOLID 
Check for a huge brush enclosing the coordinates above that has contents CONTENTS_SOLID 
Candidate brush IDs: 


FindPortalSide: Couldn't find a good match for which brush to assign to a portal near (4096.0, 1536.0, 152.0)
Leaf 0 contents: 
Leaf 1 contents: CONTENTS_SOLID 
viscontents (node 0 contents ^ node 1 contents): CONTENTS_SOLID 
This means that none of the brushes in leaf 0 or 1 that touches the portal has CONTENTS_SOLID 
Check for a huge brush enclosing the coordinates above that has contents CONTENTS_SOLID 
Candidate brush IDs: 


FindPortalSide: Couldn't find a good match for which brush to assign to a portal near (4096.0, 512.0, 152.0)
Leaf 0 contents: 
Leaf 1 contents: CONTENTS_SOLID 
viscontents (node 0 contents ^ node 1 contents): CONTENTS_SOLID 
This means that none of the brushes in leaf 0 or 1 that touches the portal has CONTENTS_SOLID 
Check for a huge brush enclosing the coordinates above that has contents CONTENTS_SOLID 
Candidate brush IDs: 


FindPortalSide: Couldn't find a good match for which brush to assign to a portal near (3072.0, -512.0, 152.0)
Leaf 0 contents: CONTENTS_SOLID 
Leaf 1 contents: 
viscontents (node 0 contents ^ node 1 contents): CONTENTS_SOLID 
This means that none of the brushes in leaf 0 or 1 that touches the portal has CONTENTS_SOLID 
Check for a huge brush enclosing the coordinates above that has contents CONTENTS_SOLID 
Candidate brush IDs: 


FindPortalSide: Couldn't find a good match for which brush to assign to a portal near (4096.0, -512.0, 152.0)
Leaf 0 contents: 
Leaf 1 contents: CONTENTS_SOLID 
viscontents (node 0 contents ^ node 1 contents): CONTENTS_SOLID 
This means that none of the brushes in leaf 0 or 1 that touches the portal has CONTENTS_SOLID 
Check for a huge brush enclosing the coordinates above that has contents CONTENTS_SOLID 
Candidate brush IDs: 


FindPortalSide: Couldn't find a good match for which brush to assign to a portal near (2560.0, 2048.0, 152.0)
Leaf 0 contents: 
Leaf 1 contents: CONTENTS_SOLID 
viscontents (node 0 contents ^ node 1 contents): CONTENTS_SOLID 
This means that none of the brushes in leaf 0 or 1 that touches the portal has CONTENTS_SOLID 
Check for a huge brush enclosing the coordinates above that has contents CONTENTS_SOLID 
Candidate brush IDs: 


FindPortalSide: Couldn't find a good match for which brush to assign to a portal near (1176.0, 1024.0, -970.0)
Leaf 0 contents: CONTENTS_SOLID 
Leaf 1 contents: 
viscontents (node 0 contents ^ node 1 contents): CONTENTS_SOLID 
This means that none of the brushes in leaf 0 or 1 that touches the portal has CONTENTS_SOLID 
Check for a huge brush enclosing the coordinates above that has contents CONTENTS_SOLID 
Candidate brush IDs: 


FindPortalSide: Couldn't find a good match for which brush to assign to a portal near (1176.0, 1024.0, 8.0)
Leaf 0 contents: CONTENTS_SOLID 
Leaf 1 contents: 
viscontents (node 0 contents ^ node 1 contents): CONTENTS_SOLID 
This means that none of the brushes in leaf 0 or 1 that touches the portal has CONTENTS_SOLID 
Check for a huge brush enclosing the coordinates above that has contents CONTENTS_SOLID 
Candidate brush IDs: 

*** Suppressing further FindPortalSide errors.... ***
Processing areas...done (0)
Building Faces...done (0)
Chop Details...done (0)
Find Visible Detail Sides...
Merged 34 detail faces...done (0)
Merging details...done (0)
FixTjuncs...
PruneNodes...
WriteBSP...
done (1)
Creating default cubemaps for env_cubemap using skybox materials:
skybox/militia_hdr*.vmt
Run buildcubemaps in the engine to get the correct cube maps.

Creating default HDR cubemaps for env_cubemap using skybox materials:
skybox/militia_hdr*.vmt
Run buildcubemaps in the engine to get the correct cube maps.

Finding displacement neighbors...
Finding lightmap sample positions...
Displacement Alpha : 0...1...2...3...4...5...6...7...8...9...10
Building Physics collision data...
done (1) (516321 bytes)
Error! prop_static using model "models/props_wasteland/prison_toilet01.mdl", which must be used on a dynamic entity (i.e. prop_physics). Deleted.
Error loading studio model "models/props_wasteland/prison_toilet01.mdl"!
Placing detail props : 0...1...2...3...4...5...6...7...8...9...10
Compacting texture/material tables...
Reduced 1187 texinfos to 741
Reduced 25 texdatas to 24 (510 bytes to 488)
Writing C:\Documents and Settings\Pr3cis1on\Desktop\de_fshs\Rev16\de_fshsr16rc1.bsp
7 seconds elapsed



1 threads
reading c:\documents and settings\pr3cis1on\desktop\de_fshs\rev16\de_fshsr16rc1.bsp
reading c:\documents and settings\pr3cis1on\desktop\de_fshs\rev16\de_fshsr16rc1.prt
LoadPortals: couldn't read c:\documents and settings\pr3cis1on\desktop\de_fshs\rev16\de_fshsr16rc1.prt



[Reading texlights from 'lights.rad']
[1 texlights parsed from 'lights.rad']

Loading c:\documents and settings\pr3cis1on\desktop\de_fshs\rev16\de_fshsr16rc1.bsp
No vis information, direct lighting only.
8764 faces
1 degenerate faces
1759004 square feet [253296576.00 square inches]
7 displacements
46369 square feet [6677216.00 square inches]
0 direct lights
0...1...2...3...4...5...6...7...8...9...10Build Patch/Sample Hash Table(s).....Done<0.0734 sec>
0...1...2...3...4...5...6...7...8...9...10FinalLightFace Done
Computing detail prop lighting : 0...1...2...3...4...5...6...7...8...9...10
0 of 0 (0% of) surface lights went in leaf ambient cubes.
ComputePerLeafAmbientLighting: 0...1...2...3...4...5...6...7...8...9...10
Ready to Finish

Object names       Objects/Maxobjs  Memory / Maxmem  Fullness 
------------       ---------------  ---------------  -------- 
models                 181/1024         8688/49152    (17.7%) 
brushes               1290/8192        15480/98304    (15.7%) 
brushsides            8090/65536       64720/524288   (12.3%) 
planes                3182/65536       63640/1310720  ( 4.9%) 
vertexes             13719/65536      164628/786432   (20.9%) 
nodes                 5305/65536      169760/2097152  ( 8.1%) 
texinfos               741/12288       53352/884736   ( 6.0%) 
texdata                 24/2048          768/65536    ( 1.2%) 
dispinfos                7/0            1232/0        ( 0.0%) 
disp_verts            1607/0           32140/0        ( 0.0%) 
disp_tris             2816/0            5632/0        ( 0.0%) 
disp_lmsamples       87795/0           87795/0        ( 0.0%) 
faces                 8764/65536      490784/3670016  (13.4%) 
hdr faces                0/65536           0/3670016  ( 0.0%) 
origfaces             5112/65536      286272/3670016  ( 7.8%) 
leaves                5487/65536      175584/2097152  ( 8.4%) 
leaffaces            10968/65536       21936/131072   (16.7%) 
leafbrushes           3242/65536        6484/131072   ( 4.9%) 
areas                    2/256            16/2048     ( 0.8%) 
surfedges            62721/512000     250884/2048000  (12.3%) 
edges                35471/256000     141884/1024000  (13.9%) 
LDR worldlights          0/8192            0/720896   ( 0.0%) 
HDR worldlights          0/8192            0/720896   ( 0.0%) 
waterstrips            897/32768        8970/327680   ( 2.7%) 
waterverts               0/65536           0/786432   ( 0.0%) 
waterindices         15495/65536       30990/131072   (23.6%) 
cubemapsamples           0/1024            0/16384    ( 0.0%) 
overlays                 0/512             0/180224   ( 0.0%) 
LDR lightdata         [variable]     2327880/0        ( 0.0%) 
HDR lightdata         [variable]           0/0        ( 0.0%) 
visdata               [variable]           0/16777216 ( 0.0%) 
entdata               [variable]      113235/393216   (28.8%) 
LDR leaf ambient      5487/65536      131688/1572864  ( 8.4%) 
HDR leaf ambient         0/65536           0/1572864  ( 0.0%) 
occluders                0/0               0/0        ( 0.0%) 
occluder polygons        0/0               0/0        ( 0.0%) 
occluder vert ind        0/0               0/0        ( 0.0%) 
detail props          [variable]           1/1360     ( 0.1%) 
dtl prp lght          [variable]           1/4        (25.0%) 
HDR dtl prp lght      [variable]           1/4        (25.0%) 
static props          [variable]           1/1750     ( 0.1%) 
pakfile               [variable]       86718/0        ( 0.0%) 

Level flags = 0

Win32 Specific Data:
physics               [variable]      516321/4194304  (12.3%) 
==== Total Win32 BSP file data space used: 5257485 bytes ====

Total triangle count: 24727
Writing c:\documents and settings\pr3cis1on\desktop\de_fshs\rev16\de_fshsr16rc1.bsp
10 seconds elapsed



materialPath: d:\steam\steamapps\private_shon2\counter-strike source\cstrike\materials
Loading C:\Documents and Settings\Pr3cis1on\Desktop\de_fshs\Rev16\de_fshsr16rc1.vmf
fixing up env_cubemap materials on brush sides...
0...1...2...3...4...5...6...7...8...9...10**** leaked ****
Entity func_door_rotating (-966.00 -780.85 -160.00) leaked!

FindPortalSide: Couldn't find a good match for which brush to assign to a portal near (3584.0, 2048.0, 152.0)
Leaf 0 contents: 
Leaf 1 contents: CONTENTS_SOLID 
viscontents (node 0 contents ^ node 1 contents): CONTENTS_SOLID 
This means that none of the brushes in leaf 0 or 1 that touches the portal has CONTENTS_SOLID 
Check for a huge brush enclosing the coordinates above that has contents CONTENTS_SOLID 
Candidate brush IDs: 


FindPortalSide: Couldn't find a good match for which brush to assign to a portal near (4096.0, 1536.0, 152.0)
Leaf 0 contents: 
Leaf 1 contents: CONTENTS_SOLID 
viscontents (node 0 contents ^ node 1 contents): CONTENTS_SOLID 
This means that none of the brushes in leaf 0 or 1 that touches the portal has CONTENTS_SOLID 
Check for a huge brush enclosing the coordinates above that has contents CONTENTS_SOLID 
Candidate brush IDs: 


FindPortalSide: Couldn't find a good match for which brush to assign to a portal near (4096.0, 512.0, 152.0)
Leaf 0 contents: 
Leaf 1 contents: CONTENTS_SOLID 
viscontents (node 0 contents ^ node 1 contents): CONTENTS_SOLID 
This means that none of the brushes in leaf 0 or 1 that touches the portal has CONTENTS_SOLID 
Check for a huge brush enclosing the coordinates above that has contents CONTENTS_SOLID 
Candidate brush IDs: 


FindPortalSide: Couldn't find a good match for which brush to assign to a portal near (3072.0, -512.0, 152.0)
Leaf 0 contents: CONTENTS_SOLID 
Leaf 1 contents: 
viscontents (node 0 contents ^ node 1 contents): CONTENTS_SOLID 
This means that none of the brushes in leaf 0 or 1 that touches the portal has CONTENTS_SOLID 
Check for a huge brush enclosing the coordinates above that has contents CONTENTS_SOLID 
Candidate brush IDs: 


FindPortalSide: Couldn't find a good match for which brush to assign to a portal near (4096.0, -512.0, 152.0)
Leaf 0 contents: 
Leaf 1 contents: CONTENTS_SOLID 
viscontents (node 0 contents ^ node 1 contents): CONTENTS_SOLID 
This means that none of the brushes in leaf 0 or 1 that touches the portal has CONTENTS_SOLID 
Check for a huge brush enclosing the coordinates above that has contents CONTENTS_SOLID 
Candidate brush IDs: 


FindPortalSide: Couldn't find a good match for which brush to assign to a portal near (2560.0, 2048.0, 152.0)
Leaf 0 contents: 
Leaf 1 contents: CONTENTS_SOLID 
viscontents (node 0 contents ^ node 1 contents): CONTENTS_SOLID 
This means that none of the brushes in leaf 0 or 1 that touches the portal has CONTENTS_SOLID 
Check for a huge brush enclosing the coordinates above that has contents CONTENTS_SOLID 
Candidate brush IDs: 


FindPortalSide: Couldn't find a good match for which brush to assign to a portal near (1176.0, 1024.0, -970.0)
Leaf 0 contents: CONTENTS_SOLID 
Leaf 1 contents: 
viscontents (node 0 contents ^ node 1 contents): CONTENTS_SOLID 
This means that none of the brushes in leaf 0 or 1 that touches the portal has CONTENTS_SOLID 
Check for a huge brush enclosing the coordinates above that has contents CONTENTS_SOLID 
Candidate brush IDs: 


FindPortalSide: Couldn't find a good match for which brush to assign to a portal near (1176.0, 1024.0, 8.0)
Leaf 0 contents: CONTENTS_SOLID 
Leaf 1 contents: 
viscontents (node 0 contents ^ node 1 contents): CONTENTS_SOLID 
This means that none of the brushes in leaf 0 or 1 that touches the portal has CONTENTS_SOLID 
Check for a huge brush enclosing the coordinates above that has contents CONTENTS_SOLID 
Candidate brush IDs: 

*** Suppressing further FindPortalSide errors.... ***
Processing areas...done (0)
Building Faces...done (0)
Chop Details...done (0)
Find Visible Detail Sides...
Merged 28 detail faces...done (0)
Merging details...done (0)
FixTjuncs...
PruneNodes...
WriteBSP...
done (1)
Creating default cubemaps for env_cubemap using skybox materials:
skybox/militia_hdr*.vmt
Run buildcubemaps in the engine to get the correct cube maps.

Creating default HDR cubemaps for env_cubemap using skybox materials:
skybox/militia_hdr*.vmt
Run buildcubemaps in the engine to get the correct cube maps.

Finding displacement neighbors...
Finding lightmap sample positions...
Displacement Alpha : 0...1...2...3...4...5...6...7...8...9...10
Building Physics collision data...
done (0) (491777 bytes)
Error! prop_static using model "models/props_wasteland/prison_toilet01.mdl", which must be used on a dynamic entity (i.e. prop_physics). Deleted.
Error loading studio model "models/props_wasteland/prison_toilet01.mdl"!
Placing detail props : 0...1...2...3...4...5...6...7...8...9...10
Compacting texture/material tables...
Reduced 1192 texinfos to 738
Reduced 25 texdatas to 24 (510 bytes to 488)
Writing C:\Documents and Settings\Pr3cis1on\Desktop\de_fshs\Rev16\de_fshsr16rc1.bsp
7 seconds elapsed



1 threads
reading c:\documents and settings\pr3cis1on\desktop\de_fshs\rev16\de_fshsr16rc1.bsp
reading c:\documents and settings\pr3cis1on\desktop\de_fshs\rev16\de_fshsr16rc1.prt
LoadPortals: couldn't read c:\documents and settings\pr3cis1on\desktop\de_fshs\rev16\de_fshsr16rc1.prt



[Reading texlights from 'lights.rad']
[1 texlights parsed from 'lights.rad']

Loading c:\documents and settings\pr3cis1on\desktop\de_fshs\rev16\de_fshsr16rc1.bsp
No vis information, direct lighting only.
8510 faces
1 degenerate faces
1761225 square feet [253616448.00 square inches]
7 displacements
46369 square feet [6677216.00 square inches]
0 direct lights
0...1...2...3...4...5...6...7...8...9...10Build Patch/Sample Hash Table(s).....Done<0.0712 sec>
0...1...2...3...4...5...6...7...8...9...10FinalLightFace Done
0 of 0 (0% of) surface lights went in leaf ambient cubes.
ComputePerLeafAmbientLighting: 0...1...2...3...4...5...6...7...8...9...10
Ready to Finish

Object names       Objects/Maxobjs  Memory / Maxmem  Fullness 
------------       ---------------  ---------------  -------- 
models                 182/1024         8736/49152    (17.8%) 
brushes               1211/8192        14532/98304    (14.8%) 
brushsides            7453/65536       59624/524288   (11.4%) 
planes                2640/65536       52800/1310720  ( 4.0%) 
vertexes             13209/65536      158508/786432   (20.2%) 
nodes                 5206/65536      166592/2097152  ( 7.9%) 
texinfos               738/12288       53136/884736   ( 6.0%) 
texdata                 24/2048          768/65536    ( 1.2%) 
dispinfos                7/0            1232/0        ( 0.0%) 
disp_verts            1607/0           32140/0        ( 0.0%) 
disp_tris             2816/0            5632/0        ( 0.0%) 
disp_lmsamples       87795/0           87795/0        ( 0.0%) 
faces                 8510/65536      476560/3670016  (13.0%) 
hdr faces                0/65536           0/3670016  ( 0.0%) 
origfaces             4914/65536      275184/3670016  ( 7.5%) 
leaves                5389/65536      172448/2097152  ( 8.2%) 
leaffaces            10756/65536       21512/131072   (16.4%) 
leafbrushes           3068/65536        6136/131072   ( 4.7%) 
areas                    2/256            16/2048     ( 0.8%) 
surfedges            60737/512000     242948/2048000  (11.9%) 
edges                34250/256000     137000/1024000  (13.4%) 
LDR worldlights          0/8192            0/720896   ( 0.0%) 
HDR worldlights          0/8192            0/720896   ( 0.0%) 
waterstrips            865/32768        8650/327680   ( 2.6%) 
waterverts               0/65536           0/786432   ( 0.0%) 
waterindices         15003/65536       30006/131072   (22.9%) 
cubemapsamples           0/1024            0/16384    ( 0.0%) 
overlays                 0/512             0/180224   ( 0.0%) 
LDR lightdata         [variable]     2314424/0        ( 0.0%) 
HDR lightdata         [variable]           0/0        ( 0.0%) 
visdata               [variable]           0/16777216 ( 0.0%) 
entdata               [variable]      110598/393216   (28.1%) 
LDR leaf ambient      5389/65536      129336/1572864  ( 8.2%) 
HDR leaf ambient         0/65536           0/1572864  ( 0.0%) 
occluders                0/0               0/0        ( 0.0%) 
occluder polygons        0/0               0/0        ( 0.0%) 
occluder vert ind        0/0               0/0        ( 0.0%) 
detail props          [variable]           1/12       ( 8.3%) 
static props          [variable]           1/1100     ( 0.1%) 
pakfile               [variable]       86718/0        ( 0.0%) 

Level flags = 0

Win32 Specific Data:
physics               [variable]      491777/4194304  (11.7%) 
==== Total Win32 BSP file data space used: 5144810 bytes ====

Total triangle count: 23965
Writing c:\documents and settings\pr3cis1on\desktop\de_fshs\rev16\de_fshsr16rc1.bsp
8 seconds elapsed
