


materialPath: d:\steam\steamapps\private_shon2\counter-strike source\cstrike\materials
Loading C:\Documents and Settings\Pr3cis1on\Desktop\de_fshs\Rev14\de_fshsr14final.vmf
Error: displacement found on a(n) func_detail entity - not supported



1 threads
reading c:\documents and settings\pr3cis1on\desktop\de_fshs\rev14\de_fshsr14final.bsp
Error opening c:\documents and settings\pr3cis1on\desktop\de_fshs\rev14\de_fshsr14final.bsp


[Reading texlights from 'lights.rad']
[1 texlights parsed from 'lights.rad']

Loading c:\documents and settings\pr3cis1on\desktop\de_fshs\rev14\de_fshsr14final.bsp
Error opening c:\documents and settings\pr3cis1on\desktop\de_fshs\rev14\de_fshsr14final.bsp


materialPath: d:\steam\steamapps\private_shon2\counter-strike source\cstrike\materials
Loading C:\Documents and Settings\Pr3cis1on\Desktop\de_fshs\Rev14\de_fshsr14final.vmf
Error: displacement found on a(n) func_detail entity - not supported



1 threads
reading c:\documents and settings\pr3cis1on\desktop\de_fshs\rev14\de_fshsr14final.bsp
Error opening c:\documents and settings\pr3cis1on\desktop\de_fshs\rev14\de_fshsr14final.bsp


[Reading texlights from 'lights.rad']
[1 texlights parsed from 'lights.rad']

Loading c:\documents and settings\pr3cis1on\desktop\de_fshs\rev14\de_fshsr14final.bsp
Error opening c:\documents and settings\pr3cis1on\desktop\de_fshs\rev14\de_fshsr14final.bsp